[INFO] App - Storage initialized
[INFO] App - Storage Services initialized
[INFO] App - Controller initialized
[INFO] App - Peron NextID updated
[INFO] App - UDP Transport Service initialized
[INFO] App - Server started
[INFO] App - Storage initialized
[INFO] App - Storage Services initialized
[INFO] App - Controller initialized
[INFO] App - Peron NextID updated
[INFO] App - UDP Transport Service initialized
[INFO] App - Server started
[INFO] App - Storage initialized
[INFO] App - Storage Services initialized
[INFO] App - Controller initialized
[INFO] App - Peron NextID updated
[INFO] App - UDP Transport Service initialized
[INFO] App - Server started
[WARNING] App - Failed during processing request. Details: Cannot invoke "com.itmo.nxzage.server.services.net.CacheService.hit(com.itmo.nxzage.server.net.InteractionContext)" because "this.cache" is null
[INFO] App - Storage initialized
[INFO] App - Storage Services initialized
[INFO] App - Controller initialized
[INFO] App - Peron NextID updated
[INFO] App - UDP Transport Service initialized
[INFO] App - Server started
[INFO] App - Storage initialized
[INFO] App - Storage Services initialized
[INFO] App - Controller initialized
[INFO] App - Peron NextID updated
[INFO] App - UDP Transport Service initialized
[INFO] App - Server started
[INFO] App - Storage initialized
[INFO] App - Storage Services initialized
[INFO] App - Controller initialized
[INFO] App - Peron NextID updated
[INFO] App - UDP Transport Service initialized
[INFO] App - Server started
[INFO] App - Storage initialized
[INFO] App - Storage Services initialized
[INFO] App - Controller initialized
[INFO] App - Peron NextID updated
[INFO] App - UDP Transport Service initialized
[INFO] App - Server started
[INFO] App - Storage initialized
[INFO] App - Storage Services initialized
[INFO] App - Controller initialized
[INFO] App - Peron NextID updated
[INFO] App - UDP Transport Service initialized
[INFO] App - Server started
[INFO] App - Storage initialized
[INFO] App - Storage Services initialized
[INFO] App - Controller initialized
[INFO] App - Peron NextID updated
[INFO] App - UDP Transport Service initialized
[INFO] App - Server started
[INFO] App - Storage initialized
[INFO] App - Storage Services initialized
[INFO] App - Controller initialized
[INFO] App - Peron NextID updated
[INFO] App - UDP Transport Service initialized
[INFO] App - Server started
[INFO] App - Storage initialized
[INFO] App - Storage Services initialized
[INFO] App - Controller initialized
[INFO] App - Peron NextID updated
[INFO] App - UDP Transport Service initialized
[INFO] App - Server started
[INFO] App - Storage initialized
[INFO] App - Storage Services initialized
[INFO] App - Controller initialized
[INFO] App - Peron NextID updated
[INFO] App - UDP Transport Service initialized
[INFO] App - Server started
[INFO] App - Storage initialized
[INFO] App - Storage Services initialized
[INFO] App - Controller initialized
[INFO] App - Peron NextID updated
[INFO] App - UDP Transport Service initialized
[INFO] App - Server started
[INFO] App - Storage initialized
[INFO] App - Storage Services initialized
[INFO] App - Controller initialized
[INFO] App - Peron NextID updated
[INFO] App - UDP Transport Service initialized
[INFO] App - Server started
[INFO] App - Storage initialized
[INFO] App - Storage Services initialized
[INFO] App - Controller initialized
[INFO] App - Peron NextID updated
[INFO] App - UDP Transport Service initialized
[INFO] App - Server started
[INFO] App - Storage initialized
[INFO] App - Storage Services initialized
[INFO] App - Controller initialized
[INFO] App - Peron NextID updated
[INFO] App - UDP Transport Service initialized
[INFO] App - Server started
[WARNING] App - Failed during processing request. Details: null
[WARNING] App - Failed during processing request. Details: null
[WARNING] App - Failed during processing request. Details: null
[INFO] App - Storage initialized
[INFO] App - Storage Services initialized
[INFO] App - Controller initialized
[INFO] App - Peron NextID updated
[INFO] App - UDP Transport Service initialized
[INFO] App - Server started
[WARNING] App - Failed during processing request. Details: null
[INFO] App - Storage initialized
[INFO] App - Storage Services initialized
[INFO] App - Controller initialized
[INFO] App - Peron NextID updated
[INFO] App - UDP Transport Service initialized
[INFO] App - Server started
[INFO] App - Storage initialized
[INFO] App - Storage Services initialized
[INFO] App - Controller initialized
[INFO] App - Peron NextID updated
[INFO] App - UDP Transport Service initialized
[INFO] App - Server started
[INFO] App - Storage initialized
[INFO] App - Storage Services initialized
[INFO] App - Controller initialized
[INFO] App - Peron NextID updated
[INFO] App - UDP Transport Service initialized
[INFO] App - Server started
[INFO] App - Storage initialized
[INFO] App - Storage Services initialized
[INFO] App - Controller initialized
[INFO] App - Peron NextID updated
[INFO] App - UDP Transport Service initialized
[INFO] App - Server started
